[debug] [2026-01-28T21:15:23.993Z] ----------------------------------------------------------------------
[debug] [2026-01-28T21:15:23.995Z] Command:       /Users/nicolasleroo/.nvm/versions/node/v22.20.0/bin/node /Users/nicolasleroo/.nvm/versions/node/v22.20.0/bin/firebase projects:list
[debug] [2026-01-28T21:15:23.995Z] CLI Version:   14.20.0
[debug] [2026-01-28T21:15:23.995Z] Platform:      darwin
[debug] [2026-01-28T21:15:23.995Z] Node Version:  v22.20.0
[debug] [2026-01-28T21:15:23.996Z] Time:          Wed Jan 28 2026 16:15:23 GMT-0500 (Eastern Standard Time)
[debug] [2026-01-28T21:15:23.996Z] ----------------------------------------------------------------------
[debug] 
[debug] [2026-01-28T21:15:23.997Z] >>> [apiv2][query] GET https://firebase-public.firebaseio.com/cli.json [none]
[debug] [2026-01-28T21:15:24.139Z] > command requires scopes: ["email","openid","https://www.googleapis.com/auth/cloudplatformprojects.readonly","https://www.googleapis.com/auth/firebase","https://www.googleapis.com/auth/cloud-platform"]
[debug] [2026-01-28T21:15:24.139Z] > authorizing via signed-in user (nicolas@driveleadmedia.com)
[debug] [2026-01-28T21:15:24.140Z] Checked if tokens are valid: false, expires at: 1761168624623
[debug] [2026-01-28T21:15:24.140Z] Checked if tokens are valid: false, expires at: 1761168624623
[debug] [2026-01-28T21:15:24.141Z] > refreshing access token with scopes: []
[debug] [2026-01-28T21:15:24.141Z] >>> [apiv2][query] POST https://www.googleapis.com/oauth2/v3/token [none]
[debug] [2026-01-28T21:15:24.141Z] >>> [apiv2][body] POST https://www.googleapis.com/oauth2/v3/token [omitted]
[debug] [2026-01-28T21:15:24.377Z] <<< [apiv2][status] GET https://firebase-public.firebaseio.com/cli.json 200
[debug] [2026-01-28T21:15:24.377Z] <<< [apiv2][body] GET https://firebase-public.firebaseio.com/cli.json {"cloudBuildErrorAfter":1594252800000,"cloudBuildWarnAfter":1590019200000,"defaultNode10After":1594252800000,"minVersion":"3.0.5","node8DeploysDisabledAfter":1613390400000,"node8RuntimeDisabledAfter":1615809600000,"node8WarnAfter":1600128000000}
[debug] [2026-01-28T21:15:24.801Z] <<< [apiv2][status] POST https://www.googleapis.com/oauth2/v3/token 400
[debug] [2026-01-28T21:15:24.802Z] <<< [apiv2][body] POST https://www.googleapis.com/oauth2/v3/token [omitted]
[error] Authentication Error: Your credentials are no longer valid. Please run firebase login --reauth

For CI servers and headless environments, generate a new token with firebase login:ci
[error] Authentication Error: Your credentials are no longer valid. Please run firebase login --reauth

For CI servers and headless environments, generate a new token with firebase login:ci
[debug] [2026-01-28T21:15:24.802Z] Authentication Error: Your credentials are no longer valid. Please run firebase login --reauth

For CI servers and headless environments, generate a new token with firebase login:ci
[debug] [2026-01-28T21:15:24.802Z] FirebaseError: Authentication Error: Your credentials are no longer valid. Please run firebase login --reauth

For CI servers and headless environments, generate a new token with firebase login:ci
    at invalidCredentialError (/Users/nicolasleroo/.nvm/versions/node/v22.20.0/lib/node_modules/firebase-tools/lib/auth.js:167:12)
    at refreshTokens (/Users/nicolasleroo/.nvm/versions/node/v22.20.0/lib/node_modules/firebase-tools/lib/auth.js:591:15)
    at process.processTicksAndRejections (node:internal/process/task_queues:105:5)
    at async getAccessToken (/Users/nicolasleroo/.nvm/versions/node/v22.20.0/lib/node_modules/firebase-tools/lib/apiv2.js:42:18)
    at async Client.addAuthHeader (/Users/nicolasleroo/.nvm/versions/node/v22.20.0/lib/node_modules/firebase-tools/lib/apiv2.js:169:21)
    at async Client.request (/Users/nicolasleroo/.nvm/versions/node/v22.20.0/lib/node_modules/firebase-tools/lib/apiv2.js:120:34)
    at async getProjectPage (/Users/nicolasleroo/.nvm/versions/node/v22.20.0/lib/node_modules/firebase-tools/lib/management/projects.js:279:17)
    at async getFirebaseProjectPage (/Users/nicolasleroo/.nvm/versions/node/v22.20.0/lib/node_modules/firebase-tools/lib/management/projects.js:296:23)
    at async listFirebaseProjects (/Users/nicolasleroo/.nvm/versions/node/v22.20.0/lib/node_modules/firebase-tools/lib/management/projects.js:327:29)
    at async Command.actionFn (/Users/nicolasleroo/.nvm/versions/node/v22.20.0/lib/node_modules/firebase-tools/lib/commands/projects-list.js:51:20)
[error] 
[error] Error: Failed to list Firebase projects. See firebase-debug.log for more info.
